<?xml version="1.0" encoding="UTF-8"?>
<!-- Generated by org.testng.reporters.JUnitXMLReporter -->
<testsuite hostname="LAPTOP-HIBJUNQD" ignored="0" name="Test" tests="4" failures="1" timestamp="16 Dec 2020 16:00:03 GMT" time="42.454" errors="0">
  <testcase name="basepageNavigation" time="10.207" classname="E2E_002.ValidatingTitle"/>
  <testcase name="basepageNavigation" time="11.99" classname="E2E_002.HomePage"/>
  <testcase name="basepageNavigation" time="11.118" classname="E2E_002.HomePage"/>
  <testcase name="basepageNavigation" time="9.096" classname="E2E_002.Navigationbar">
    <failure type="java.lang.AssertionError" message="expected [FEATURED COURSES123] but found [FEATURED COURSES]">
      <![CDATA[java.lang.AssertionError: expected [FEATURED COURSES123] but found [FEATURED COURSES]
at E2E_002.Navigationbar.basepageNavigation(Navigationbar.java:17)
... Removed 31 stack frames]]>
    </failure>
  </testcase> <!-- basepageNavigation -->
</testsuite> <!-- Test -->
