<?xml version="1.0" encoding="UTF-8"?>
<!-- Generated by org.testng.reporters.JUnitXMLReporter -->
<testsuite hostname="LAPTOP-HIBJUNQD" ignored="0" name="Test" tests="4" failures="1" timestamp="16 Dec 2020 18:01:39 GMT" time="45.113" errors="0">
  <testcase name="basepageNavigation" time="9.903" classname="E2E_002.ValidatingTitle"/>
  <testcase name="basepageNavigation" time="11.614" classname="E2E_002.HomePage"/>
  <testcase name="basepageNavigation" time="13.241" classname="E2E_002.HomePage"/>
  <testcase name="basepageNavigation" time="10.32" classname="E2E_002.Navigationbar">
    <failure type="java.lang.AssertionError" message="expected [FEATURED COURSES123] but found [FEATURED COURSES]">
      <![CDATA[java.lang.AssertionError: expected [FEATURED COURSES123] but found [FEATURED COURSES]
at E2E_002.Navigationbar.basepageNavigation(Navigationbar.java:17)
... Removed 35 stack frames]]>
    </failure>
  </testcase> <!-- basepageNavigation -->
</testsuite> <!-- Test -->
